INFO:     Started server process [2164]
INFO:     Waiting for application startup.
INFO:app.main:Default development auth users ensured.
INFO:app.main:Dummy workflow seed data ensured.
INFO:     Application startup complete.
INFO:     Uvicorn running on http://0.0.0.0:8000 (Press CTRL+C to quit)
INFO:app.main:Request ID: 580afd4e-e9fe-4b8b-9348-7eb9d2342fae, Path: /api/v1/auth/login, Method: POST
INFO:app.main:Request ID: 77cfaaf6-e3d3-4c63-b1fe-327c38202999, Path: /api/v1/admin/requests, Method: GET
INFO:app.main:Request ID: 4e6a21fe-f26b-44b4-bbe3-8f3386603b1f, Path: /api/v1/auth/login, Method: POST
INFO:app.main:Request ID: 4d108b90-8ca7-4781-885b-3e970b29f81c, Path: /api/v1/recipients/me, Method: GET
INFO:app.main:Request ID: ee632585-e420-4331-97f3-c5cc431c02a0, Path: /api/v1/auth/login, Method: POST
INFO:app.main:Request ID: 02463d16-4164-4d39-a39c-5ddda1e0cd61, Path: /api/v1/donors/me/recipient-requests, Method: GET
INFO:app.main:Request ID: d5bdd7c8-81ac-4a47-b013-c8aef21220e9, Path: /api/v1/admin/requests, Method: GET
INFO:app.main:Request ID: 8a5c522a-b1c2-467c-a52d-458e3a41799a, Path: /api/v1/admin/requests, Method: GET
INFO:app.main:Request ID: e34ca442-07f0-4df6-8b65-6bfa6222a420, Path: /api/v1/admin/donor-requests, Method: OPTIONS
INFO:app.main:Request ID: 79977457-ffb2-4490-8eb5-6f758b27ba98, Path: /api/v1/admin/donor-requests, Method: GET
INFO:app.main:Request ID: 1d74a2ad-0c12-47ee-8680-70e78d8ec80b, Path: /api/v1/admin/schedules, Method: OPTIONS
INFO:app.main:Request ID: c860af14-b0e5-4736-944b-46fcde4ecf87, Path: /api/v1/admin/schedules, Method: GET
INFO:app.main:Request ID: dc97916c-efdf-46c9-b69f-1c57ad1feeb0, Path: /api/v1/auth/login, Method: OPTIONS
INFO:app.main:Request ID: a4405e21-9943-4149-b5f0-e9b0fe341a8b, Path: /api/v1/auth/login, Method: POST
INFO:app.main:Request ID: 1c06fef0-e864-418d-9e59-52ea8754153b, Path: /api/v1/recipients/me, Method: OPTIONS
INFO:app.main:Request ID: c3893dc8-4531-48a5-a581-cc6f82a335cb, Path: /api/v1/requests, Method: OPTIONS
INFO:app.main:Request ID: c3c28e39-8dee-4c28-b2f9-b877808c3f43, Path: /api/v1/recipients/me, Method: OPTIONS
INFO:app.main:Request ID: e2013d6f-3598-46ca-89b5-ea54b5dc5b25, Path: /api/v1/requests, Method: OPTIONS
INFO:app.main:Request ID: 1ef22625-7e3e-42aa-9a9f-aaa623673063, Path: /api/v1/recipients/me, Method: GET
INFO:app.main:Request ID: e5c13e39-16db-4eec-b97c-d8d175c6312b, Path: /api/v1/requests, Method: GET
INFO:app.main:Request ID: 044fbd8b-4e3f-47bc-a9a7-1412e09c3120, Path: /api/v1/recipients/me, Method: GET
INFO:app.main:Request ID: 1095947a-2b50-47a0-a1ba-beda90f7b6ab, Path: /api/v1/requests, Method: GET
INFO:app.main:Request ID: 32461c2f-ebf8-4b0c-ace1-1b53c4adadaa, Path: /api/v1/auth/login, Method: POST
INFO:app.main:Request ID: f48732c2-b502-4fc3-b4f5-62f18788421b, Path: /api/v1/auth/me, Method: OPTIONS
INFO:app.main:Request ID: 58e58a95-955d-41de-b914-3a2ea1b4f70f, Path: /api/v1/donors/me, Method: OPTIONS
INFO:app.main:Request ID: 234c229b-9149-4f40-b55d-4f3bf930eaf0, Path: /api/v1/auth/me, Method: OPTIONS
INFO:app.main:Request ID: f40b01e4-5cf6-4b0e-892b-2910043c3973, Path: /api/v1/donors/me, Method: OPTIONS
INFO:app.main:Request ID: ff41075e-5ed3-484b-b297-c6606b9d6823, Path: /api/v1/auth/me, Method: GET
INFO:app.main:Request ID: c79c66c4-1a78-41bf-ab37-844bba2ff247, Path: /api/v1/donors/me, Method: GET
INFO:app.main:Request ID: 054f1592-2f3c-461a-8468-d441b9a1ad7d, Path: /api/v1/auth/me, Method: GET
INFO:app.main:Request ID: 2c0d6b7d-08b7-49a8-9971-71330477d40b, Path: /api/v1/donors/me, Method: GET
INFO:app.main:Request ID: e014d2d5-ac0c-46df-8d90-5ce3753cd75a, Path: /api/v1/donors/me/top-matches, Method: OPTIONS
INFO:app.main:Request ID: 5f4c5e63-4c69-4bc2-bbf2-2aa69cf35b76, Path: /api/v1/donors/me/top-matches, Method: GET
INFO:app.main:Request ID: 92248da6-0977-4a72-8e7f-c0eea6090cb8, Path: /api/v1/donors/me/recipient-requests, Method: OPTIONS
INFO:app.main:Request ID: 831a90a8-9d47-4822-a3a5-5481ced683ed, Path: /api/v1/donors/me/recipient-requests, Method: GET
INFO:app.main:Request ID: 3215dc7f-10ca-4ee5-88c1-f84f0a98b45e, Path: /api/v1/donors/me/nearby-requests, Method: OPTIONS
INFO:app.main:Request ID: db6057b6-842a-4474-b583-f30adc9dfb0d, Path: /api/v1/donors/me/nearby-requests, Method: GET
INFO:app.main:Request ID: 7395cf03-41b9-4d23-911c-2035d34e0a68, Path: /api/v1/donors/me/appointments, Method: OPTIONS
INFO:app.main:Request ID: 430ab44d-4151-419f-9ab5-822a3a231b2f, Path: /api/v1/donors/me/appointments, Method: GET
INFO:app.main:Request ID: f7ee6be3-bf35-400b-8f96-ccd0c2f30b58, Path: /api/v1/donors/me/top-matches, Method: GET
INFO:app.main:Request ID: dfb1f2e5-dfa1-41c0-88ed-4f616b7bed88, Path: /api/v1/auth/login, Method: OPTIONS
INFO:app.main:Request ID: 16aca200-8a59-403f-bd78-aea6b8314a13, Path: /api/v1/auth/login, Method: POST
INFO:app.main:Request ID: 63c6c3b5-4815-4db1-a1ec-8e20552eb13f, Path: /api/v1/auth/me, Method: OPTIONS
INFO:app.main:Request ID: 45596124-273a-4a41-b736-6647f1571179, Path: /api/v1/donors/me, Method: OPTIONS
INFO:app.main:Request ID: b8fcde97-3ed8-4d2f-92ed-c31449e4d8e1, Path: /api/v1/auth/me, Method: GET
INFO:app.main:Request ID: 8860b16f-578d-40e3-93f0-e06fe87c6167, Path: /api/v1/donors/me, Method: GET
INFO:app.main:Request ID: 61cd9573-7c71-4a78-892c-7c838483f68b, Path: /api/v1/auth/me, Method: GET
INFO:app.main:Request ID: 4adb8298-8457-486d-82d9-e7d4f96e337d, Path: /api/v1/donors/me, Method: GET
INFO:app.main:Request ID: 799fcf76-3187-48e6-93dc-496c9016a6d2, Path: /api/v1/donors/me/top-matches, Method: OPTIONS
INFO:app.main:Request ID: 16d5e883-c8aa-486e-9f04-f747a42f557f, Path: /api/v1/donors/me/top-matches, Method: GET
INFO:app.main:Request ID: 84eb0ff6-9fa2-448d-9403-fe73188e4aaf, Path: /api/v1/donors/me/top-matches, Method: GET
INFO:app.main:Request ID: 6ff48b77-b027-49b7-a854-6893412fe4ef, Path: /api/v1/donors/me/recipient-requests, Method: OPTIONS
INFO:app.main:Request ID: 02e9d352-ff91-4d6c-a418-e8ac2cf924fd, Path: /api/v1/donors/me/recipient-requests, Method: GET
INFO:app.main:Request ID: 11e0895a-1077-4a5b-bd5a-af1dbe4534a1, Path: /api/v1/donors/me/nearby-requests, Method: OPTIONS
INFO:app.main:Request ID: 48d1749b-a184-436c-9cbb-289105f28a38, Path: /api/v1/donors/me/nearby-requests, Method: GET
INFO:app.main:Request ID: 3530ee55-0355-4003-9b46-7017695e4b9a, Path: /api/v1/donors/me/appointments, Method: OPTIONS
INFO:app.main:Request ID: 85ad1024-a3c4-4635-8394-df3aa6f55bce, Path: /api/v1/donors/me/appointments, Method: GET
INFO:app.main:Request ID: 28ae8180-fe1a-462a-8622-cefe5a401ed6, Path: /api/v1/donors/me/nearby-requests, Method: GET
INFO:app.main:Request ID: 4d649aa9-912b-4ede-97eb-35372dbfe490, Path: /api/v1/requests/e35c58f5-e518-4ce1-9f0e-33f1398dc9d9/apply, Method: OPTIONS
INFO:app.main:Request ID: fde09cdd-15b1-4e13-8d7e-dd9e2fa2404f, Path: /api/v1/requests/e35c58f5-e518-4ce1-9f0e-33f1398dc9d9/apply, Method: POST
INFO:app.main:Request ID: cdf2a5c1-7b5a-4e2d-bad3-0a20eb7e7a4e, Path: /api/v1/donors/me/top-matches, Method: GET
INFO:app.main:Request ID: 378b42a0-8d28-4324-b75c-59b27f7b882e, Path: /api/v1/donors/me/nearby-requests, Method: GET
INFO:app.main:Request ID: 1b9d5174-ad5f-48ef-ad68-87f70ee31f39, Path: /api/v1/donors/me/appointments, Method: GET
INFO:app.main:Request ID: 8fc79639-8f46-47e7-ac03-37003cf5551a, Path: /api/v1/donors/me/top-matches, Method: GET
INFO:app.main:Request ID: 70af18e8-9616-4e5f-ace3-4fc54bd130e4, Path: /api/v1/donors/me/recipient-requests, Method: GET
INFO:app.main:Request ID: 83a0e26d-1a97-4254-b48c-fdcf6e48ea47, Path: /api/v1/donors/me/nearby-requests, Method: GET
INFO:app.main:Request ID: bdaede39-4b77-401c-b2d4-52a04dfb0fc6, Path: /api/v1/donors/me/appointments, Method: GET
INFO:app.main:Request ID: e7da07a0-c0fa-4e28-b44a-f8190d193cf6, Path: /api/v1/donors/me/top-matches, Method: GET
INFO:app.main:Request ID: 686b8286-9412-4021-b166-929c9eb60b64, Path: /api/v1/donors/me, Method: GET
INFO:app.main:Request ID: 8d116427-cf8b-493e-9d8c-18a3cf0f4e76, Path: /api/v1/donors/me/top-matches, Method: GET
INFO:app.main:Request ID: 46f52103-0191-4987-baf8-bc6f7139b8f3, Path: /api/v1/auth/me, Method: GET
INFO:app.main:Request ID: add5c605-e029-4004-a855-cdbb3d32af3a, Path: /api/v1/donors/me/top-matches, Method: GET
INFO:app.main:Request ID: a6397329-f8d0-4afd-9798-50b8ae621f20, Path: /api/v1/donors/me, Method: GET
INFO:app.main:Request ID: 970d7f4d-60af-47d0-a60e-f108ea5259f2, Path: /api/v1/auth/me, Method: GET
INFO:app.main:Request ID: b8627ec2-a468-4904-93c6-09ef9125a54b, Path: /api/v1/donors/me/nearby-requests, Method: GET
INFO:app.main:Request ID: 4a9920d9-d2e6-482f-be86-491acdb82034, Path: /api/v1/requests/2bf242c1-3f6b-4aed-9f44-1f4675178822/apply, Method: OPTIONS
INFO:app.main:Request ID: 4bcac3ac-fd52-4d82-8c81-1bd0f677a1e6, Path: /api/v1/requests/2bf242c1-3f6b-4aed-9f44-1f4675178822/apply, Method: POST
INFO:app.main:Request ID: 3adead6f-965a-4bae-b311-765d853dd562, Path: /api/v1/requests/2bf242c1-3f6b-4aed-9f44-1f4675178822/apply, Method: POST
INFO:app.main:Request ID: df595eb6-a5a0-431a-8013-275c30d3cbd5, Path: /api/v1/donors/me/appointments, Method: GET
INFO:app.main:Request ID: 5786502f-3d40-4076-bd94-9dfd2a89388d, Path: /api/v1/donors/me/top-matches, Method: GET
INFO:app.main:Request ID: e1687a23-1de7-4e6b-8edc-1707414888f8, Path: /api/v1/donors/me/appointments, Method: GET
INFO:app.main:Request ID: 97578e21-ad67-45cf-b1d3-ecfbf07c91f4, Path: /api/v1/donors/me/nearby-requests, Method: GET
INFO:app.main:Request ID: 659dc325-406a-4b10-b671-d8f4e502f858, Path: /api/v1/donors/me/recipient-requests, Method: GET
INFO:app.main:Request ID: cb329c34-9134-4288-813e-b734d839196b, Path: /api/v1/donors/me/top-matches, Method: GET
INFO:app.main:Request ID: 6d43b185-29c9-4cca-8941-3250bef9cdcc, Path: /api/v1/donors/me/nearby-requests, Method: GET
INFO:app.main:Request ID: 9857c6e1-3bfb-4cac-adca-32715c833f1e, Path: /api/v1/requests/d6710fa8-5328-4a08-a4fb-51278bbdf49b/apply, Method: OPTIONS
INFO:app.main:Request ID: 49c1e680-62e3-4ec7-96cd-4a2973779b21, Path: /api/v1/requests/d6710fa8-5328-4a08-a4fb-51278bbdf49b/apply, Method: POST
INFO:app.main:Request ID: 938e1467-0238-49d4-9ad7-00bfe7dd389f, Path: /api/v1/requests/d6710fa8-5328-4a08-a4fb-51278bbdf49b/apply, Method: POST
INFO:app.main:Request ID: 25fd64d4-fae2-41bf-b482-dca43eb40f25, Path: /api/v1/donors/me/appointments, Method: GET
INFO:app.main:Request ID: b0b12a57-1684-42f0-be02-9da5bf3163ea, Path: /api/v1/donors/me/top-matches, Method: GET
INFO:app.main:Request ID: bac64076-655b-4591-b56e-2419f85b0244, Path: /api/v1/auth/login, Method: POST
INFO:app.main:Request ID: a503f622-0165-4ad1-9700-27d546201bb7, Path: /api/v1/admin/requests, Method: OPTIONS
INFO:app.main:Request ID: b608ea66-5e39-4909-8ee8-697a3b6c3b75, Path: /api/v1/admin/requests, Method: OPTIONS
INFO:app.main:Request ID: 7b6d2b41-2563-423d-a201-93e14532ce00, Path: /api/v1/admin/requests, Method: GET
INFO:app.main:Request ID: bdc5bc6b-1a36-461a-9fa9-ba2cc3795a89, Path: /api/v1/admin/requests, Method: GET
INFO:app.main:Request ID: ab0854df-5be4-4efc-946a-26f834037794, Path: /api/v1/admin/donor-requests, Method: OPTIONS
INFO:app.main:Request ID: aadbe092-f67f-49e3-b0b5-420a24192b38, Path: /api/v1/admin/donor-requests, Method: GET
INFO:app.main:Request ID: d6391f68-be15-449c-8bca-bc483044db65, Path: /api/v1/admin/schedules, Method: OPTIONS
INFO:app.main:Request ID: ce45ac56-75dc-47cc-b561-5274d4a1010f, Path: /api/v1/admin/schedules, Method: GET
INFO:app.main:Request ID: 3162faba-0689-47c1-8bdf-b083c1abe113, Path: /api/v1/admin/requests, Method: OPTIONS
INFO:app.main:Request ID: 54dd91f8-e20a-4402-bae3-48359868bea1, Path: /api/v1/admin/requests, Method: GET
INFO:app.main:Request ID: 98adbac8-21d8-48f6-a922-274aea10a2ff, Path: /api/v1/auth/refresh, Method: OPTIONS
INFO:app.main:Request ID: 16382ec0-d347-4519-9026-037fe1a1424b, Path: /api/v1/auth/refresh, Method: POST
INFO:app.main:Request ID: aff447c9-8d61-4cd6-a615-be352772673b, Path: /api/v1/admin/requests, Method: GET
INFO:app.main:Request ID: 34a9a86f-8700-4d91-b345-b0520d6fb63d, Path: /api/v1/admin/donor-requests, Method: OPTIONS
INFO:app.main:Request ID: 45834b33-2076-46aa-8436-2d8c3080e393, Path: /api/v1/admin/donor-requests, Method: GET
INFO:app.main:Request ID: b5197388-1228-4423-af3b-6042808e8aed, Path: /api/v1/auth/refresh, Method: POST
INFO:app.main:Request ID: c14f6fc6-fde3-4fdc-b5f4-e9749998d076, Path: /api/v1/admin/donor-requests, Method: GET
INFO:app.main:Request ID: 17eb8414-ca4a-40a1-9ddf-b58625e8c81f, Path: /api/v1/admin/schedules, Method: OPTIONS
INFO:app.main:Request ID: d05ce817-2a7b-4fd8-8aeb-b766569ca3c4, Path: /api/v1/admin/schedules, Method: GET
INFO:app.main:Request ID: 589715e9-fdbb-4656-bb11-565c81dca905, Path: /api/v1/auth/refresh, Method: POST
INFO:app.main:Request ID: 93aa7876-2b25-40d7-8bd3-5f96832bd66d, Path: /api/v1/admin/schedules, Method: GET
INFO:app.main:Request ID: 274343fc-45fa-499c-b5cf-84d673fcf523, Path: /api/v1/auth/login, Method: OPTIONS
INFO:app.main:Request ID: a81ed4ab-2fb4-4c63-b45f-725b91629a3d, Path: /api/v1/auth/login, Method: POST
INFO:app.main:Request ID: 5811ff85-47c4-4e37-b436-08ac021a154c, Path: /api/v1/recipients/me, Method: OPTIONS
INFO:app.main:Request ID: 7f67b410-cbc0-467e-9deb-8416b1e7916e, Path: /api/v1/requests, Method: OPTIONS
INFO:app.main:Request ID: 5ad3368a-0e10-42a3-bf16-9fe3aaf67c3b, Path: /api/v1/recipients/me, Method: OPTIONS
INFO:app.main:Request ID: ccb4c5e7-3e34-43b7-ab33-f414fa260a00, Path: /api/v1/requests, Method: OPTIONS
INFO:app.main:Request ID: a13724ef-acf5-43d2-9ded-be936b74c7a1, Path: /api/v1/recipients/me, Method: GET
INFO:app.main:Request ID: 39a67d5d-f8a8-4055-8c50-50967c4b5e99, Path: /api/v1/requests, Method: GET
INFO:app.main:Request ID: 1ef06f6f-ee8b-41c8-82aa-b676e85888bd, Path: /api/v1/recipients/me, Method: GET
INFO:app.main:Request ID: 8d653851-8a6e-488a-ba39-cd65adfc82e1, Path: /api/v1/requests, Method: GET
INFO:app.main:Request ID: 191367cb-382d-4170-b22e-b89645d9e95c, Path: /api/v1/requests, Method: POST
INFO:app.main:Request ID: 825fddfe-b7ef-48f1-9812-ae59d1fe8f59, Path: /api/v1/requests, Method: GET
INFO:app.main:Request ID: c663daa9-e869-4f4a-ab19-9a976a58d006, Path: /api/v1/requests, Method: POST
INFO:app.main:Request ID: 1c1a338c-dec6-4622-8795-06ece8b90ec5, Path: /api/v1/requests, Method: GET
INFO:app.main:Request ID: a5bcad9b-f7f8-4020-863d-7fbb0aa5c825, Path: /api/v1/auth/login, Method: POST
INFO:app.main:Request ID: 4afe9668-ab41-4ca4-b1c9-20c62c2715eb, Path: /api/v1/admin/requests, Method: GET
INFO:app.main:Request ID: cd6a55f3-5cb5-4e54-8e57-b987a391faab, Path: /api/v1/admin/requests, Method: GET
INFO:app.main:Request ID: babfa364-b386-45e0-8a1c-b2085b4d83e1, Path: /api/v1/admin/donor-requests, Method: GET
INFO:app.main:Request ID: dedb417a-94de-47a6-9f66-092459aa4209, Path: /api/v1/admin/schedules, Method: GET
INFO:app.main:Request ID: c3af3127-d718-4c5c-9d29-7c028f9495e7, Path: /api/v1/admin/donor-requests, Method: GET
INFO:app.main:Request ID: 792e788f-ec56-47aa-95bc-1ebc54a75e1e, Path: /api/v1/admin/requests, Method: GET
INFO:app.main:Request ID: 0ab7e01e-05b3-4e65-b26b-997a2f22e99f, Path: /api/v1/auth/login, Method: POST
INFO:app.main:Request ID: 5f573d21-4695-4a9a-bb1a-eaa3bf00154f, Path: /api/v1/auth/me, Method: OPTIONS
INFO:app.main:Request ID: 49a9ece4-20a4-4975-b670-249383bf98ff, Path: /api/v1/donors/me, Method: OPTIONS
INFO:app.main:Request ID: 7276c848-9699-4a2d-9c9b-fa5257a2480a, Path: /api/v1/auth/me, Method: OPTIONS
INFO:app.main:Request ID: 370c8a6c-69b4-4eaa-a384-ca502f49fa7d, Path: /api/v1/donors/me, Method: OPTIONS
INFO:app.main:Request ID: 23bbdfb0-9612-4f32-929c-d6de196cc769, Path: /api/v1/auth/me, Method: GET
INFO:app.main:Request ID: 11c6dae3-1502-4468-a063-6ddf5c6ad563, Path: /api/v1/donors/me, Method: GET
INFO:app.main:Request ID: 7f6489c2-e0ae-4369-9dd3-7ad416fbf6f2, Path: /api/v1/auth/me, Method: GET
INFO:app.main:Request ID: f727906d-18df-4503-b20c-be05902e5c83, Path: /api/v1/donors/me, Method: GET
INFO:app.main:Request ID: e583b820-d367-4d12-80c8-afbc1ba4339f, Path: /api/v1/donors/me/recipient-requests, Method: OPTIONS
INFO:app.main:Request ID: 2a4c9308-7825-4a0d-9455-e50e490c4439, Path: /api/v1/donors/me/recipient-requests, Method: GET
INFO:app.main:Request ID: 8f38d3d8-5130-4d63-b83c-42d35688bc9d, Path: /api/v1/donors/me/top-matches, Method: OPTIONS
INFO:app.main:Request ID: 56d2c8f3-6c3e-42ba-a569-b46c1036019c, Path: /api/v1/donors/me/top-matches, Method: GET
INFO:app.main:Request ID: d9c8065e-5193-4ae1-83fe-066a0104e621, Path: /api/v1/donors/me/appointments, Method: OPTIONS
INFO:app.main:Request ID: 368b04e1-5649-48df-98ae-1a2a4be5abc3, Path: /api/v1/donors/me/appointments, Method: GET
INFO:app.main:Request ID: 3fc1d187-1710-464d-b705-961d601d8bc6, Path: /api/v1/donors/me/top-matches, Method: GET
INFO:app.main:Request ID: f42a0032-d9b2-4451-89cb-aa399514c805, Path: /api/v1/donors/me/nearby-requests, Method: OPTIONS
INFO:app.main:Request ID: 9f4fc431-04d5-475e-a86d-12526c645eaa, Path: /api/v1/donors/me/nearby-requests, Method: GET
INFO:app.main:Request ID: ce7f11fd-654b-4941-9b85-6a0016c4241a, Path: /api/v1/requests/2bf242c1-3f6b-4aed-9f44-1f4675178822/apply, Method: OPTIONS
INFO:app.main:Request ID: b9e75f1a-957e-4d8e-98a5-0006167b6d41, Path: /api/v1/requests/2bf242c1-3f6b-4aed-9f44-1f4675178822/apply, Method: POST
INFO:app.main:Request ID: 1104816e-602c-456b-88d8-77adef431e1a, Path: /api/v1/donors/me/top-matches, Method: GET
INFO:app.main:Request ID: 6392db70-b188-4c45-842f-cc5aa90918d9, Path: /api/v1/donors/me/nearby-requests, Method: GET
INFO:app.main:Request ID: fa29399b-6f9b-4ad5-97a9-ec4cc0f72b08, Path: /api/v1/requests/293d3b27-7354-4724-b2f8-6e553685d0ea/apply, Method: OPTIONS
INFO:app.main:Request ID: c39f6405-e8e3-4901-adbd-f020eb2177dc, Path: /api/v1/requests/293d3b27-7354-4724-b2f8-6e553685d0ea/apply, Method: POST
INFO:app.main:Request ID: 16545f0f-0039-4e34-a124-2ba2b07b168a, Path: /api/v1/requests/293d3b27-7354-4724-b2f8-6e553685d0ea/apply, Method: POST
INFO:app.main:Request ID: 7d189e0b-2872-483d-82f3-a3e660758a56, Path: /api/v1/requests/293d3b27-7354-4724-b2f8-6e553685d0ea/apply, Method: POST
INFO:app.main:Request ID: 31811c9c-7df0-499d-9059-31e971f88fe3, Path: /api/v1/requests/293d3b27-7354-4724-b2f8-6e553685d0ea/apply, Method: POST
INFO:app.main:Request ID: 96d9b022-bc79-4282-9fb4-fd368fb4bd1e, Path: /api/v1/requests/293d3b27-7354-4724-b2f8-6e553685d0ea/apply, Method: POST
INFO:app.main:Request ID: 419a8584-5be2-4ac5-b52a-a4e56eed8a9c, Path: /api/v1/requests/293d3b27-7354-4724-b2f8-6e553685d0ea/apply, Method: POST
INFO:app.main:Request ID: 0e40bed7-0c92-41ea-b596-b969a3fad146, Path: /api/v1/requests/293d3b27-7354-4724-b2f8-6e553685d0ea/apply, Method: POST
INFO:app.main:Request ID: 504c1780-73c8-4062-9b9f-0dd0010f9e1d, Path: /api/v1/requests/293d3b27-7354-4724-b2f8-6e553685d0ea/apply, Method: POST
INFO:app.main:Request ID: e9180919-bfc0-4bf7-9bd0-7cc135c76853, Path: /api/v1/requests/293d3b27-7354-4724-b2f8-6e553685d0ea/apply, Method: POST
INFO:app.main:Request ID: edcca52b-0206-4ca3-9752-881d5dd00877, Path: /api/v1/donors/me/top-matches, Method: GET
INFO:app.main:Request ID: 3fc6e243-e0f8-4770-9383-a40430743bf9, Path: /api/v1/auth/login, Method: POST
INFO:app.main:Request ID: 2360c1fd-491b-4991-8b88-92c558a8211c, Path: /api/v1/admin/requests, Method: GET
INFO:app.main:Request ID: d7fb1905-596c-48a3-bed7-796f1b2b41b9, Path: /api/v1/admin/requests, Method: GET
INFO:app.main:Request ID: 21df829f-2371-44ef-9f34-942c2b3af033, Path: /api/v1/admin/donor-requests, Method: GET
INFO:app.main:Request ID: 37eea4f5-836d-4907-a9d0-8649708084c7, Path: /api/v1/admin/schedules, Method: GET
INFO:app.main:Request ID: 8e43b7e4-fda1-48d4-9ae5-f34400ac68e4, Path: /api/v1/admin/donor-requests, Method: GET
INFO:app.main:Request ID: 2c6e73f3-158a-4dda-b95d-f4e6b1281343, Path: /api/v1/auth/login, Method: POST
INFO:app.main:Request ID: 4d2feb44-8359-4841-a411-63e38130399f, Path: /api/v1/donors/me, Method: GET
INFO:app.main:Request ID: 35216e54-fb01-441e-b377-c976761d5054, Path: /api/v1/auth/me, Method: GET
INFO:app.main:Request ID: efd62440-94bb-4f82-805c-8e9314a0a227, Path: /api/v1/donors/me, Method: GET
INFO:app.main:Request ID: 6477fc32-5c45-4322-8296-7f5feace0dac, Path: /api/v1/auth/me, Method: GET
INFO:app.main:Request ID: 0b17ce71-4790-4cab-a09b-316171a67dcd, Path: /api/v1/donors/me/nearby-requests, Method: GET
INFO:app.main:Request ID: be62522a-df1f-4680-ab1d-b6c169d4c4df, Path: /api/v1/auth/me, Method: GET
INFO:app.main:Request ID: 62310afe-9d9c-4bb1-860e-0ebe6207f812, Path: /api/v1/donors/me, Method: GET
INFO:app.main:Request ID: baba7cc1-1201-4f68-951c-97d656c7839a, Path: /api/v1/donors/me/nearby-requests, Method: GET
INFO:app.main:Request ID: caa0adc6-3136-4baa-acdb-f1ed8c553dde, Path: /api/v1/auth/me, Method: GET
INFO:app.main:Request ID: 536b9693-3a12-4294-81b2-54ca34d382ee, Path: /api/v1/donors/me, Method: GET
INFO:app.main:Request ID: b0e1b8a6-a56d-44e9-bc90-466aab0b073b, Path: /api/v1/donors/me/nearby-requests, Method: GET
INFO:app.main:Request ID: ec2fb6b6-8a9a-4f9a-9a72-7432763c4e17, Path: /api/v1/auth/me, Method: OPTIONS
INFO:app.main:Request ID: 34d2986e-54f8-4e7a-8ec3-abaa427af674, Path: /api/v1/donors/me, Method: OPTIONS
INFO:app.main:Request ID: 57251558-9f13-454d-bcb9-4cbd17a82748, Path: /api/v1/donors/me/nearby-requests, Method: OPTIONS
INFO:app.main:Request ID: e75e5b6f-be4b-4544-b94c-fec692592d2d, Path: /api/v1/auth/me, Method: OPTIONS
INFO:app.main:Request ID: 4b5aa81f-93a0-427e-b83f-0f9a54d4db9e, Path: /api/v1/donors/me, Method: OPTIONS
INFO:app.main:Request ID: 894e4e6c-9385-479f-8ba9-fe55e33073aa, Path: /api/v1/donors/me/nearby-requests, Method: OPTIONS
INFO:app.main:Request ID: 041ada8e-f96c-47a7-a918-f402f9d79955, Path: /api/v1/auth/me, Method: GET
INFO:app.main:Request ID: bcb97d67-948d-41e2-8f4c-09c6d02456ac, Path: /api/v1/donors/me, Method: GET
INFO:app.main:Request ID: d4c7f84c-ab06-45ea-af28-8229d047eeb3, Path: /api/v1/donors/me/nearby-requests, Method: GET
INFO:app.main:Request ID: 4886bc35-2ea6-417f-8211-2c9102d53066, Path: /api/v1/auth/me, Method: GET
INFO:app.main:Request ID: d6e7020f-4705-44fd-bfeb-065fb07b188e, Path: /api/v1/donors/me, Method: GET
INFO:app.main:Request ID: e0893395-1b22-4473-a98d-a2d23afa8820, Path: /api/v1/donors/me/nearby-requests, Method: GET
INFO:app.main:Request ID: 381da3d2-5756-4591-9fb7-38459245e575, Path: /api/v1/matches/548e7f26-8f0d-4f3e-9997-f6c8198df36c/accept, Method: OPTIONS
INFO:app.main:Request ID: 53a89698-2d20-45d0-8432-e2b76c196a00, Path: /api/v1/matches/548e7f26-8f0d-4f3e-9997-f6c8198df36c/accept, Method: POST
INFO:app.main:Request ID: 53578a27-b77a-4ba4-93a2-2df1b961dad9, Path: /api/v1/donors/me/nearby-requests, Method: GET
INFO:app.main:Request ID: 2e8f713b-a1af-409d-9450-6ae18a76748f, Path: /api/v1/donors/me/top-matches, Method: OPTIONS
INFO:app.main:Request ID: 738322a6-1b26-4131-b20e-5e479aaff8c4, Path: /api/v1/donors/me/top-matches, Method: GET
INFO:app.main:Request ID: c530f699-cf9c-4d2f-acba-a5dcec276352, Path: /api/v1/donors/me/top-matches, Method: GET
INFO:app.main:Request ID: 3c6479f7-fa5c-436c-80b2-650be5b632a7, Path: /api/v1/donors/me/nearby-requests, Method: GET
INFO:app.main:Request ID: 43f362e5-5984-463e-a5b3-ad19d5a85f5c, Path: /api/v1/donors/me/appointments, Method: OPTIONS
INFO:app.main:Request ID: 1812c94c-b606-40c5-a424-402d4fdf48f9, Path: /api/v1/donors/me/appointments, Method: GET
INFO:app.main:Request ID: 8a225821-f43d-40a3-b72a-03ee48bf1171, Path: /api/v1/donors/me/top-matches, Method: GET
INFO:app.main:Request ID: 71038617-7ae1-41ff-b969-11e8db06c770, Path: /api/v1/donors/me/nearby-requests, Method: GET
INFO:app.main:Request ID: a5b27299-0a24-414e-9383-28b863cc9879, Path: /api/v1/donors/me/recipient-requests, Method: OPTIONS
INFO:app.main:Request ID: d1152721-5712-4885-a86a-6d7fb36e2676, Path: /api/v1/donors/me/recipient-requests, Method: GET
INFO:app.main:Request ID: 3e39ef20-0f7d-480c-b537-297f7c37d035, Path: /api/v1/auth/login, Method: OPTIONS
INFO:app.main:Request ID: 8d7971f9-caba-48f8-ae8e-b8af51b31ca0, Path: /api/v1/auth/login, Method: POST
INFO:app.main:Request ID: e4039a15-ba16-4c74-8263-350791c6a3e4, Path: /api/v1/admin/requests, Method: OPTIONS
INFO:app.main:Request ID: a0d3a077-94d7-4630-8138-de6333dc42ac, Path: /api/v1/admin/requests, Method: OPTIONS
INFO:app.main:Request ID: d1519703-9830-41be-ae4a-7cf9c7a6f474, Path: /api/v1/admin/requests, Method: GET
INFO:app.main:Request ID: 9214d588-152b-4d57-ac19-9b7a23f918f2, Path: /api/v1/admin/requests, Method: GET
INFO:app.main:Request ID: 38accc1f-7c59-4e9b-8b1a-f2e8b528f08c, Path: /api/v1/admin/donor-requests, Method: OPTIONS
INFO:app.main:Request ID: 7bdea53e-1ca1-49ba-b81d-127a284bb600, Path: /api/v1/admin/donor-requests, Method: GET
INFO:app.main:Request ID: b6ff6d08-3a1c-4500-a15e-551caeb79847, Path: /api/v1/auth/login, Method: POST
INFO:app.main:Request ID: 6b417598-2e4c-482f-b007-eb1d1e9378ca, Path: /api/v1/auth/me, Method: GET
INFO:app.main:Request ID: 6d4c40eb-3707-42c8-bbd4-29df6a2f41cb, Path: /api/v1/donors/me, Method: GET
INFO:app.main:Request ID: b884162e-c4e9-4a52-8669-d71078c7a99a, Path: /api/v1/auth/me, Method: GET
INFO:app.main:Request ID: 3a361b11-db27-4671-9ea8-0b8b988d3410, Path: /api/v1/donors/me, Method: GET
INFO:app.main:Request ID: 02a9006a-d672-45a4-a121-66e198eb537b, Path: /api/v1/donors/me/top-matches, Method: GET
INFO:app.main:Request ID: 1ad9a189-67a3-453e-b50b-4c3728832f95, Path: /api/v1/donors/me/recipient-requests, Method: GET
INFO:app.main:Request ID: df6d4258-d602-4db1-87c4-571e82165084, Path: /api/v1/donors/me/nearby-requests, Method: GET
INFO:app.main:Request ID: 287e313e-47b1-40c1-9d79-b4034112926e, Path: /api/v1/requests/e35c58f5-e518-4ce1-9f0e-33f1398dc9d9/apply, Method: OPTIONS
INFO:app.main:Request ID: 3fafa0f0-1971-466d-a931-9713ce6d73ab, Path: /api/v1/requests/e35c58f5-e518-4ce1-9f0e-33f1398dc9d9/apply, Method: POST
INFO:app.main:Request ID: 60665d2b-dd14-4675-bb10-fd5901129a72, Path: /api/v1/donors/me/top-matches, Method: GET
INFO:app.main:Request ID: 023e5a6a-82ed-4d13-bccf-b4f46a74bcde, Path: /api/v1/matches/548e7f26-8f0d-4f3e-9997-f6c8198df36c/reject, Method: OPTIONS
INFO:app.main:Request ID: 485bb57b-901c-479c-9f4c-6b9569083f91, Path: /api/v1/matches/548e7f26-8f0d-4f3e-9997-f6c8198df36c/reject, Method: POST
INFO:app.main:Request ID: f3961ca6-3374-47e2-9c77-95cb23239200, Path: /api/v1/donors/me/top-matches, Method: GET
INFO:app.main:Request ID: 99a6fe6a-f3a5-4015-97fa-3b4dadbe856c, Path: /api/v1/donors/me/nearby-requests, Method: GET
INFO:app.main:Request ID: e2894074-febf-4abc-9599-59e781743954, Path: /api/v1/matches/548e7f26-8f0d-4f3e-9997-f6c8198df36c/accept, Method: POST
INFO:app.main:Request ID: 459fa704-94dc-4933-a4e4-50fccad1ded2, Path: /api/v1/donors/me/nearby-requests, Method: GET
INFO:app.main:Request ID: 175fdab7-14d6-49c3-8014-6ee13999220a, Path: /api/v1/donors/me/top-matches, Method: GET
INFO:app.main:Request ID: 8c2a7d41-bf8d-427a-b949-10c19b68452a, Path: /api/v1/donors/me/top-matches, Method: GET
INFO:app.main:Request ID: f62dfd55-b984-4a2a-b0de-270e0ff7a0e3, Path: /api/v1/donors/me/nearby-requests, Method: GET
INFO:app.main:Request ID: 8d701ebc-a961-4cc3-b10c-ae3a51c32826, Path: /api/v1/donors/me/appointments, Method: GET
INFO:app.main:Request ID: de1c1e7e-8989-4801-907a-00791dca4f47, Path: /api/v1/auth/login, Method: POST
INFO:app.main:Request ID: 3a5787a3-367e-49f2-85ca-5b12a4d821c5, Path: /api/v1/admin/requests, Method: GET
INFO:app.main:Request ID: cb26b6fb-d074-41ce-a8b6-84115621dd1c, Path: /api/v1/admin/requests, Method: GET
INFO:app.main:Request ID: 10a039c7-4493-486d-94d1-19a803e6bc3e, Path: /api/v1/admin/donor-requests, Method: GET
INFO:app.main:Request ID: 1399bf2c-59bd-488b-8d8a-9f73d5b0f4c6, Path: /api/v1/admin/donor-requests/548e7f26-8f0d-4f3e-9997-f6c8198df36c/accept, Method: OPTIONS
INFO:app.main:Request ID: e903398e-68c0-4eec-8934-c4e300f2708e, Path: /api/v1/admin/donor-requests/548e7f26-8f0d-4f3e-9997-f6c8198df36c/accept, Method: POST
INFO:app.main:Request ID: 0a5ba91f-1e95-43de-98f6-c101392152d0, Path: /api/v1/admin/donor-requests, Method: GET
INFO:app.main:Request ID: 5d1dad12-f8b8-410e-bc20-fb38e110c083, Path: /api/v1/admin/schedules, Method: OPTIONS
INFO:app.main:Request ID: 9a28c40f-99fa-4f03-ad23-49f58442755b, Path: /api/v1/admin/schedules, Method: GET
INFO:app.main:Request ID: 680cd26c-9bac-46b7-b209-ee7aada6d8d8, Path: /api/v1/admin/schedules, Method: GET
INFO:app.main:Request ID: 23453b3f-6323-48e1-94c7-f5d53bf5ff26, Path: /api/v1/auth/login, Method: POST
INFO:app.main:Request ID: d03bfa55-73b8-406c-b50f-c515fab45118, Path: /api/v1/auth/me, Method: GET
INFO:app.main:Request ID: e3027e0c-60fc-46f6-b484-4ef21a5cbb6d, Path: /api/v1/donors/me, Method: GET
INFO:app.main:Request ID: f63209e6-6fbf-4e8b-b5a0-c797995ea381, Path: /api/v1/auth/me, Method: GET
INFO:app.main:Request ID: 15ee8a9d-8d24-4353-a8bf-eefd24514861, Path: /api/v1/donors/me, Method: GET
INFO:app.main:Request ID: cc90a275-38a1-45fd-b13e-6dcbb958cf29, Path: /api/v1/donors/me/appointments, Method: GET
INFO:app.main:Request ID: 27113fdb-1fe6-44ee-a754-67c92d312e80, Path: /api/v1/auth/login, Method: POST
INFO:app.main:Request ID: 56b6f6b5-9374-48ab-9dc3-5675d438558f, Path: /api/v1/recipients/me, Method: OPTIONS
INFO:app.main:Request ID: f8249e88-e6fc-45b2-8d9b-4537f47ac588, Path: /api/v1/requests, Method: OPTIONS
INFO:app.main:Request ID: 088c521d-bc61-4ea1-b9a6-d1e9ae43a530, Path: /api/v1/recipients/me, Method: OPTIONS
INFO:app.main:Request ID: 859ecfba-5ffa-47e0-8a61-55bcd5f43dc3, Path: /api/v1/requests, Method: OPTIONS
INFO:app.main:Request ID: fe2d578f-d970-454e-b501-d2b2f330aebe, Path: /api/v1/recipients/me, Method: GET
INFO:app.main:Request ID: 60530810-1baa-495b-ad44-7e94bcad7f9f, Path: /api/v1/requests, Method: GET
INFO:app.main:Request ID: d0096fd7-b6bc-4b1d-bf95-6b6807ab3d04, Path: /api/v1/recipients/me, Method: GET
INFO:app.main:Request ID: 7e222507-5065-4ba3-8783-1da5b29b4d0b, Path: /api/v1/requests, Method: GET
INFO:app.main:Request ID: 739d3915-b6ee-472a-9e55-ec948aef9bee, Path: /api/v1/requests, Method: POST
INFO:app.main:Request ID: 80c1b1b6-aacc-4551-8416-e7fab1c0885f, Path: /api/v1/requests, Method: GET
INFO:app.main:Request ID: 70f12360-f400-46a5-ba56-4e28c9b0c7af, Path: /api/v1/auth/login, Method: POST
INFO:app.main:Request ID: 6ba93303-79cb-4418-9565-944f74d76003, Path: /api/v1/donors/me, Method: GET
INFO:app.main:Request ID: a93b5872-4683-4019-a484-b2399a9d5492, Path: /api/v1/auth/me, Method: GET
INFO:app.main:Request ID: 8a7fb697-eda1-426b-a0a2-d391feab61a0, Path: /api/v1/donors/me, Method: GET
INFO:app.main:Request ID: 821d4b23-c227-4f87-8b3f-aaba8e06466e, Path: /api/v1/auth/me, Method: GET
INFO:app.main:Request ID: 2a998770-62cd-48e1-b493-e7a6c9686abb, Path: /api/v1/donors/me/recipient-requests, Method: GET
INFO:app.main:Request ID: 142d63ae-a320-4ca3-9d5a-753fc6fc60b6, Path: /api/v1/auth/login, Method: POST
INFO:app.main:Request ID: fda02bd9-2140-4dcc-a094-79f62f978c0b, Path: /api/v1/admin/requests, Method: GET
INFO:app.main:Request ID: 3e343723-9829-49c2-aa68-55a8860e9b8e, Path: /api/v1/admin/requests, Method: GET
INFO:app.main:Request ID: b906442f-9829-4ecc-b1b0-1c1152697cc3, Path: /api/v1/admin/donor-requests, Method: GET
INFO:app.main:Request ID: 2161b8cf-61e6-423f-86b1-bffd56628861, Path: /api/v1/admin/requests, Method: GET
INFO:app.main:Request ID: 4b161d36-fe4a-4aed-a9b7-c899a5e69986, Path: /api/v1/auth/login, Method: POST
INFO:app.main:Request ID: f29a61c9-526c-492e-9dab-218c4488d3e5, Path: /api/v1/auth/me, Method: GET
INFO:app.main:Request ID: c47f582c-18ef-48a7-99a6-050b1a10716a, Path: /api/v1/donors/me, Method: GET
INFO:app.main:Request ID: 60218b8f-11fa-4f16-adf9-aaf8ffdbf560, Path: /api/v1/auth/me, Method: GET
INFO:app.main:Request ID: a4a59c16-e9c0-4ba7-9800-bc2ee7028203, Path: /api/v1/donors/me, Method: GET
INFO:app.main:Request ID: 3eba3900-2c64-4815-8874-4c059ffadee1, Path: /api/v1/donors/me/recipient-requests, Method: GET
INFO:app.main:Request ID: 09be5c28-dbeb-4d89-a0f6-6e45f81c7061, Path: /api/v1/donors/me/recipient-requests, Method: OPTIONS
INFO:app.main:Request ID: 8b8da2a8-8692-427b-ab0f-c2cf15cb807e, Path: /api/v1/donors/me/recipient-requests, Method: GET
INFO:app.main:Request ID: 4fc8d89d-7b58-4a2f-b25d-a0107a01965d, Path: /api/v1/donors/me/recipient-requests, Method: GET
INFO:app.main:Request ID: cbd66bcb-5d55-4162-af44-749daa0ae141, Path: /api/v1/donors/me/recipient-requests, Method: GET
INFO:app.main:Request ID: 07927c0b-eea6-433b-932c-0760e3776be8, Path: /api/v1/donors/me/recipient-requests, Method: GET
INFO:app.main:Request ID: 15d67acb-deef-42a2-bc64-ab4d7178c6c2, Path: /api/v1/donors/me/recipient-requests, Method: GET
INFO:app.main:Request ID: c821a7f4-3f03-4645-9d45-104812bee9a8, Path: /api/v1/donors/me/recipient-requests, Method: OPTIONS
INFO:app.main:Request ID: 55d5cc5e-e8a7-452c-94e3-f751590e6fca, Path: /api/v1/donors/me/recipient-requests, Method: GET
INFO:app.main:Request ID: e683b455-5bc7-4527-8171-e41d449e2a87, Path: /api/v1/donors/me/recipient-requests, Method: OPTIONS
INFO:app.main:Request ID: e470e108-0c7e-42d3-96d6-e9131634bc4c, Path: /api/v1/donors/me/recipient-requests, Method: GET
INFO:app.main:Request ID: 281b3d13-f82a-4add-bcf0-e32c6990a90f, Path: /api/v1/donors/me/recipient-requests, Method: OPTIONS
INFO:app.main:Request ID: a1d452eb-a325-4487-83e1-87ad9b53b75d, Path: /api/v1/donors/me/recipient-requests, Method: GET
INFO:app.main:Request ID: 6f0c21ec-8e6e-4d0d-bef4-33395a8c2a14, Path: /api/v1/donors/me/recipient-requests, Method: OPTIONS
INFO:app.main:Request ID: 68f3186f-47ab-4551-8ff2-4ebe53fb77da, Path: /api/v1/donors/me/recipient-requests, Method: GET
INFO:app.main:Request ID: 91ea84de-af12-459f-a8f3-324ad31ba304, Path: /api/v1/donors/me/recipient-requests, Method: OPTIONS
INFO:app.main:Request ID: a37f2ab1-784c-4968-8eea-457215e86184, Path: /api/v1/donors/me/recipient-requests, Method: GET
INFO:app.main:Request ID: a886d27b-eb67-4a19-8e00-8bfdebd1dec4, Path: /api/v1/donors/me/recipient-requests, Method: GET
INFO:app.main:Request ID: 6de71d44-2ef8-4b88-9123-d094fbf96d11, Path: /api/v1/donors/me/recipient-requests, Method: OPTIONS
INFO:app.main:Request ID: 30dd8fe1-0385-41fc-a61e-b3aa58e03cec, Path: /api/v1/donors/me/recipient-requests, Method: GET
INFO:app.main:Request ID: 29a73d09-632b-4420-92f9-79edecb02d68, Path: /api/v1/donors/me/recipient-requests, Method: OPTIONS
INFO:app.main:Request ID: 382ac20f-163e-4756-9aec-e22e63276fa5, Path: /api/v1/donors/me/recipient-requests, Method: GET
INFO:app.main:Request ID: 74ce21bb-745e-4166-8033-f2b62adb9a44, Path: /api/v1/auth/login, Method: POST
INFO:app.main:Request ID: 69f913c8-a20a-4fdb-a16f-ea553b95ab88, Path: /api/v1/admin/requests, Method: GET
INFO:app.main:Request ID: d9153288-837d-4adc-92e4-e43ff07f5f64, Path: /api/v1/admin/requests, Method: GET
INFO:app.main:Request ID: c35b0b82-d76b-4cda-8460-bd5562a7cb27, Path: /api/v1/admin/requests, Method: GET
INFO:app.main:Request ID: cc12bfda-9989-48fc-9006-5689520b2bb2, Path: /api/v1/admin/requests, Method: GET
INFO:app.main:Request ID: 62fc6a35-b885-4116-b23f-b13acf19b187, Path: /api/v1/admin/requests/ff65c638-551d-4240-9590-05e63e97b470/accept, Method: OPTIONS
INFO:app.main:Request ID: 34e499be-889f-43fe-9381-dd682636e5be, Path: /api/v1/admin/requests/ff65c638-551d-4240-9590-05e63e97b470/accept, Method: POST
INFO:app.main:Request ID: 1aaebe26-185b-434d-babd-73c6082c8ee8, Path: /api/v1/admin/requests, Method: GET
INFO:app.main:Request ID: aa26f5d7-26a9-43f4-a6bc-95053069d0de, Path: /api/v1/admin/schedules, Method: GET
INFO:app.main:Request ID: c57623b4-a320-4ca0-8133-2017897f8cd9, Path: /api/v1/admin/donor-requests, Method: GET
INFO:app.main:Request ID: 7d90009a-7ef7-445c-95b2-23f9edfd7f2b, Path: /api/v1/admin/requests, Method: GET
INFO:app.main:Request ID: 794b1d4c-b892-46cc-9934-eb19057b1f20, Path: /api/v1/admin/requests/10eabeba-8fdb-40ff-a8e1-e576ca1484d9/accept, Method: OPTIONS
INFO:app.main:Request ID: 9e54d743-7bd3-4ad2-afcc-d851f86a8383, Path: /api/v1/admin/requests/10eabeba-8fdb-40ff-a8e1-e576ca1484d9/accept, Method: POST
INFO:app.main:Request ID: 4672ec4d-8e53-4e86-ac44-7e8d83cbc2d7, Path: /api/v1/admin/requests, Method: GET
INFO:app.main:Request ID: 1730b3e7-02e7-4edc-9239-c80318364ffb, Path: /api/v1/admin/schedules, Method: GET
INFO:app.main:Request ID: 60075a4b-dc01-405e-be56-e438c16bbba9, Path: /api/v1/admin/requests, Method: GET
INFO:app.main:Request ID: 40d2beda-830d-4b68-a313-17fe7df2daf3, Path: /api/v1/admin/requests/342779eb-9ecc-4369-a0ed-c37354f5a2b7/accept, Method: OPTIONS
INFO:app.main:Request ID: a761b2de-0078-4fc9-a8a2-abe1e3ad2874, Path: /api/v1/admin/requests/342779eb-9ecc-4369-a0ed-c37354f5a2b7/accept, Method: POST
INFO:app.main:Request ID: a7652582-c4b7-4d1e-8c6c-8641b32e4dd4, Path: /api/v1/admin/requests, Method: GET
INFO:app.main:Request ID: e68b2b1c-56b4-4d61-80ea-b04a96178358, Path: /api/v1/admin/schedules, Method: GET
INFO:app.main:Request ID: 4d2e4db8-87e8-4dcc-ac47-9be3f356ae2d, Path: /api/v1/auth/login, Method: POST
INFO:app.main:Request ID: 11197a04-e8d5-4854-9263-9afd96b38b6a, Path: /api/v1/auth/me, Method: OPTIONS
INFO:app.main:Request ID: eb8d859e-7688-42e9-9aea-fe41f84aa883, Path: /api/v1/donors/me, Method: OPTIONS
INFO:app.main:Request ID: 553df954-ea7d-4886-9f6c-4a31bd96e14a, Path: /api/v1/auth/me, Method: OPTIONS
INFO:app.main:Request ID: 642ad426-15d9-4053-8700-5942689689d5, Path: /api/v1/donors/me, Method: OPTIONS
INFO:app.main:Request ID: 7b5a7f43-20a8-48cf-8752-3891fe66cf62, Path: /api/v1/auth/me, Method: GET
INFO:app.main:Request ID: d6ec5369-8570-47ee-9062-3316ceb5d349, Path: /api/v1/donors/me, Method: GET
INFO:app.main:Request ID: dc76e7bc-f5ae-477c-9fdb-c7772c90d3f5, Path: /api/v1/auth/me, Method: GET
INFO:app.main:Request ID: 9b937296-e871-4eee-9f0c-a6115f9b669d, Path: /api/v1/donors/me, Method: GET
INFO:app.main:Request ID: c274af1a-b629-4c79-9600-a47cac26d24e, Path: /api/v1/donors/me/recipient-requests, Method: GET
INFO:app.main:Request ID: 0b848491-cb83-4931-bce9-b75714b1778c, Path: /api/v1/donors/me/recipient-requests, Method: GET
INFO:app.main:Request ID: f02a7ea5-3230-4132-8985-3ddbc5bd1bc1, Path: /api/v1/donors/me/recipient-requests, Method: GET
INFO:app.main:Request ID: a2d5151e-7ba1-418d-8bb2-c571982874a5, Path: /api/v1/donors/me/recipient-requests, Method: GET
INFO:app.main:Request ID: a6010aae-86ab-44e3-9f1e-27bc437a2127, Path: /api/v1/donors/me/recipient-requests, Method: GET
INFO:app.main:Request ID: 64092f18-cba0-4221-9c4b-0e90b2e725cb, Path: /api/v1/donors/me/appointments, Method: OPTIONS
INFO:app.main:Request ID: 544d002e-8e10-4334-b935-23dcbf0af147, Path: /api/v1/donors/me/appointments, Method: GET
INFO:app.main:Request ID: 0a3ba387-69e3-4743-bcd6-1c8c362ea2b7, Path: /api/v1/donors/me/top-matches, Method: OPTIONS
INFO:app.main:Request ID: 2e5d4fb3-3135-413b-a8d5-06985d4465a8, Path: /api/v1/donors/me/top-matches, Method: GET
